<?xml version="1.0" encoding="UTF-8"?>
<testsuite name="comp3111.webscraper.ItemTest" tests="11" skipped="0" failures="0" errors="0" timestamp="2018-12-10T04:59:44" hostname="Zach-Mac.local" time="0.014">
  <properties/>
  <testcase name="testGetPrice" classname="comp3111.webscraper.ItemTest" time="0.0"/>
  <testcase name="testGetTitle" classname="comp3111.webscraper.ItemTest" time="0.0"/>
  <testcase name="testGetDate" classname="comp3111.webscraper.ItemTest" time="0.002"/>
  <testcase name="testSetPortal" classname="comp3111.webscraper.ItemTest" time="0.002"/>
  <testcase name="testGetUrl" classname="comp3111.webscraper.ItemTest" time="0.001"/>
  <testcase name="testGetPortal" classname="comp3111.webscraper.ItemTest" time="0.0"/>
  <testcase name="testcompareTo" classname="comp3111.webscraper.ItemTest" time="0.0"/>
  <testcase name="testSetDate" classname="comp3111.webscraper.ItemTest" time="0.0"/>
  <testcase name="testSetUrl" classname="comp3111.webscraper.ItemTest" time="0.001"/>
  <testcase name="testSetPrice" classname="comp3111.webscraper.ItemTest" time="0.001"/>
  <testcase name="testSetTitle" classname="comp3111.webscraper.ItemTest" time="0.0"/>
  <system-out><![CDATA[]]></system-out>
  <system-err><![CDATA[]]></system-err>
</testsuite>
