<?xml version="1.0" encoding="UTF-8"?>
<testsuite name="comp3111.webscraper.SummaryTest" tests="4" skipped="0" failures="0" errors="0" timestamp="2018-12-10T04:59:38" hostname="Zach-Mac.local" time="5.506">
  <properties/>
  <testcase name="testAveragePrice" classname="comp3111.webscraper.SummaryTest" time="5.368"/>
  <testcase name="testLatestItem" classname="comp3111.webscraper.SummaryTest" time="0.134"/>
  <testcase name="testCheapestItem" classname="comp3111.webscraper.SummaryTest" time="0.001"/>
  <testcase name="testCountItem" classname="comp3111.webscraper.SummaryTest" time="0.001"/>
  <system-out><![CDATA[]]></system-out>
  <system-err><![CDATA[]]></system-err>
</testsuite>
