<?xml version="1.0" encoding="UTF-8"?>
<testsuite name="comp3111.webscraper.ItemTest" tests="1" skipped="0" failures="0" errors="0" timestamp="2018-11-28T17:13:23" hostname="Zach-Mac.local" time="0.002">
  <properties/>
  <testcase name="testSetTitle" classname="comp3111.webscraper.ItemTest" time="0.002"/>
  <system-out><![CDATA[]]></system-out>
  <system-err><![CDATA[]]></system-err>
</testsuite>
