<?xml version="1.0" encoding="UTF-8"?>
<testsuite name="comp3111.webscraper.WebScraperTest" tests="8" skipped="0" failures="0" errors="0" timestamp="2018-11-30T12:16:23" hostname="DESKTOP-CKGH2IF" time="86.63">
  <properties/>
  <testcase name="PaginationTestScrapeByNumber" classname="comp3111.webscraper.WebScraperTest" time="7.913"/>
  <testcase name="PaginationTestScrapeByStrangeKeyword" classname="comp3111.webscraper.WebScraperTest" time="3.047"/>
  <testcase name="PaginationTestScrapeByTwoSpaceBar" classname="comp3111.webscraper.WebScraperTest" time="0.0"/>
  <testcase name="TestRefine" classname="comp3111.webscraper.WebScraperTest" time="3.037"/>
  <testcase name="PaginationTestScrapeByNothing" classname="comp3111.webscraper.WebScraperTest" time="0.0"/>
  <testcase name="PaginationTestScrapeByKeyword_holy" classname="comp3111.webscraper.WebScraperTest" time="32.949"/>
  <testcase name="PaginationTestScrapeByKeyword_leak" classname="comp3111.webscraper.WebScraperTest" time="39.684"/>
  <testcase name="PaginationTestScrapeBySpaceBar" classname="comp3111.webscraper.WebScraperTest" time="0.0"/>
  <system-out><![CDATA[Searching in Craigslist...
Scrapping page number 1...
Searching in Preloved...
Scrapping page number 2...
Scrapping page number 3...
Scrapping page number 4...
Searching in Craigslist...
Searching in Preloved...
Searching in Craigslist...
Scrapping page number 1...
Searching in Preloved...
Scrapping page number 2...
Searching in Craigslist...
Scrapping page number 1...
Searching in Preloved...
Scrapping page number 2...
Scrapping page number 3...
Scrapping page number 4...
Scrapping page number 5...
Scrapping page number 6...
Scrapping page number 7...
Scrapping page number 8...
Scrapping page number 9...
Scrapping page number 10...
Scrapping page number 11...
Scrapping page number 12...
Scrapping page number 13...
Scrapping page number 14...
Scrapping page number 15...
Scrapping page number 16...
Scrapping page number 17...
Scrapping page number 18...
Scrapping page number 19...
Scrapping page number 20...
Scrapping page number 21...
Scrapping page number 22...
Scrapping page number 23...
Scrapping page number 24...
Scrapping page number 25...
Scrapping page number 26...
Scrapping page number 27...
Scrapping page number 28...
Scrapping page number 29...
Scrapping page number 30...
Scrapping page number 31...
Scrapping page number 32...
Scrapping page number 33...
Scrapping page number 34...
Scrapping page number 35...
Scrapping page number 36...
Scrapping page number 37...
Scrapping page number 38...
Scrapping page number 39...
Scrapping page number 40...
Scrapping page number 41...
Searching in Craigslist...
Scrapping page number 1...
Scrapping page number 2...
Scrapping page number 3...
Scrapping page number 4...
Scrapping page number 5...
Scrapping page number 6...
Scrapping page number 7...
Searching in Preloved...
Scrapping page number 8...
Scrapping page number 9...
Scrapping page number 10...
Scrapping page number 11...
Scrapping page number 12...
Scrapping page number 13...
Scrapping page number 14...
Scrapping page number 15...
Scrapping page number 16...
Scrapping page number 17...
Scrapping page number 18...
Scrapping page number 19...
Scrapping page number 20...
Scrapping page number 21...
Scrapping page number 22...
Scrapping page number 23...
Scrapping page number 24...
Scrapping page number 25...
Scrapping page number 26...
Scrapping page number 27...
Scrapping page number 28...
Scrapping page number 29...
Scrapping page number 30...
Scrapping page number 31...
Scrapping page number 32...
Scrapping page number 33...
Scrapping page number 34...
Scrapping page number 35...
Scrapping page number 36...
]]></system-out>
  <system-err><![CDATA[]]></system-err>
</testsuite>
