<?xml version="1.0" encoding="UTF-8"?>
<testsuite name="comp3111.webscraper.WebScraperTest" tests="7" skipped="0" failures="0" errors="0" timestamp="2018-11-28T17:13:23" hostname="Zach-Mac.local" time="83.745">
  <properties/>
  <testcase name="PaginationTestScrapeByNumber" classname="comp3111.webscraper.WebScraperTest" time="10.589"/>
  <testcase name="PaginationTestScrapeByStrangeKeyword" classname="comp3111.webscraper.WebScraperTest" time="2.822"/>
  <testcase name="PaginationTestScrapeByTwoSpaceBar" classname="comp3111.webscraper.WebScraperTest" time="0.0"/>
  <testcase name="PaginationTestScrapeByNothing" classname="comp3111.webscraper.WebScraperTest" time="0.0"/>
  <testcase name="PaginationTestScrapeByKeyword_holy" classname="comp3111.webscraper.WebScraperTest" time="30.797"/>
  <testcase name="PaginationTestScrapeByKeyword_leak" classname="comp3111.webscraper.WebScraperTest" time="39.533"/>
  <testcase name="PaginationTestScrapeBySpaceBar" classname="comp3111.webscraper.WebScraperTest" time="0.001"/>
  <system-out><![CDATA[Searching in Craigslist...
Scrapping page number 1...
Searching in Preloved...
Scrapping page number 2...
Scrapping page number 3...
Scrapping page number 4...
Searching in Craigslist...
Searching in Preloved...
Searching in Craigslist...
Scrapping page number 1...
Searching in Preloved...
Scrapping page number 2...
Scrapping page number 3...
Scrapping page number 4...
Scrapping page number 5...
actionAbout
Scrapping page number 6...
Scrapping page number 7...
Scrapping page number 8...
Scrapping page number 9...
Scrapping page number 10...
Scrapping page number 11...
Scrapping page number 12...
actionAbout
Scrapping page number 13...
Scrapping page number 14...
Scrapping page number 15...
Scrapping page number 16...
Scrapping page number 17...
actionAbout
Scrapping page number 18...
Scrapping page number 19...
Scrapping page number 20...
Scrapping page number 21...
Scrapping page number 22...
Scrapping page number 23...
Scrapping page number 24...
Scrapping page number 25...
Scrapping page number 26...
Scrapping page number 27...
Scrapping page number 28...
Scrapping page number 29...
actionSearch: refiner
Searching in Craigslist...
Scrapping page number 30...
Scrapping page number 31...
Scrapping page number 32...
Searching in Preloved...
Scrapping page number 33...
Scrapping page number 34...
Scrapping page number 35...
Scrapping page number 36...
Scrapping page number 37...
Scrapping page number 38...
Scrapping page number 39...
Scrapping page number 40...
Scrapping page number 41...
Scrapping page number 42...
Scrapping page number 43...
Scrapping page number 44...
Scrapping page number 45...
Scrapping page number 46...
Scrapping page number 47...
Scrapping page number 48...
Scrapping page number 49...
Scrapping page number 50...
Searching in Craigslist...
Scrapping page number 1...
Scrapping page number 2...
Scrapping page number 3...
Scrapping page number 4...
Scrapping page number 5...
Scrapping page number 6...
Scrapping page number 7...
Scrapping page number 8...
Scrapping page number 9...
Scrapping page number 10...
Scrapping page number 11...
Scrapping page number 12...
Scrapping page number 13...
Scrapping page number 14...
Scrapping page number 15...
Scrapping page number 16...
Scrapping page number 17...
Scrapping page number 18...
Scrapping page number 19...
Scrapping page number 20...
Scrapping page number 21...
Scrapping page number 22...
Scrapping page number 23...
Scrapping page number 24...
Scrapping page number 25...
Scrapping page number 26...
Scrapping page number 27...
Scrapping page number 28...
Scrapping page number 29...
Scrapping page number 30...
Scrapping page number 31...
Scrapping page number 32...
Scrapping page number 33...
Searching in Preloved...
Scrapping page number 34...
Scrapping page number 35...
Scrapping page number 36...
Scrapping page number 37...
Scrapping page number 38...
Scrapping page number 39...
Scrapping page number 40...
Scrapping page number 41...
Scrapping page number 42...
Scrapping page number 43...
Scrapping page number 44...
Scrapping page number 45...
Scrapping page number 46...
Scrapping page number 47...
Scrapping page number 48...
Scrapping page number 49...
Scrapping page number 50...
Scrapping page number 51...
Scrapping page number 52...
Scrapping page number 53...
Scrapping page number 54...
Scrapping page number 55...
Scrapping page number 56...
Scrapping page number 57...
Scrapping page number 58...
Scrapping page number 59...
Scrapping page number 60...
Scrapping page number 61...
Scrapping page number 62...
Scrapping page number 1...
Scrapping page number 2...
Scrapping page number 3...
Scrapping page number 4...
Scrapping page number 5...
Scrapping page number 6...
Scrapping page number 7...
Scrapping page number 8...
Scrapping page number 9...
Scrapping page number 10...
Scrapping page number 11...
Scrapping page number 12...
Scrapping page number 13...
Scrapping page number 14...
Scrapping page number 15...
Scrapping page number 16...
]]></system-out>
  <system-err><![CDATA[]]></system-err>
</testsuite>
